[1101/124325.621:ERROR:directory_reader_win.cc(43)] FindFirstFile: ??????? ?? ??????? ????? ????????? ????. (0x3)
[1101/224715.617:ERROR:process_memory_win.cc(73)] ReadMemory at 0x7ffe6bec0000 of 64 bytes failed: ?????? ReadProcessMemory ??? WriteProcessMemory ??? ???????? ?????? ????????. (0x12B)
[1101/224715.618:WARNING:pe_image_reader.cc(340)] could not read dos header from C:\WINDOWS\SYSTEM32\ntdll.dll
[1101/224715.618:ERROR:process_memory_win.cc(73)] ReadMemory at 0x7ffe6bec0000 of 64 bytes failed: ?????? ReadProcessMemory ??? WriteProcessMemory ??? ???????? ?????? ????????. (0x12B)
[1101/224715.618:WARNING:pe_image_reader.cc(340)] could not read dos header from C:\WINDOWS\SYSTEM32\ntdll.dll
[1101/224715.619:ERROR:process_memory_win.cc(73)] ReadMemory at 0x7ffe6b7e0000 of 64 bytes failed: ?????? ReadProcessMemory ??? WriteProcessMemory ??? ???????? ?????? ????????. (0x12B)
[1101/224715.619:WARNING:pe_image_reader.cc(340)] could not read dos header from C:\WINDOWS\System32\KERNEL32.DLL
[1101/224715.619:ERROR:process_memory_win.cc(73)] ReadMemory at 0x7ffe6b7e0000 of 64 bytes failed: ?????? ReadProcessMemory ??? WriteProcessMemory ??? ???????? ?????? ????????. (0x12B)
[1101/224715.620:WARNING:pe_image_reader.cc(340)] could not read dos header from C:\WINDOWS\System32\KERNEL32.DLL
[1101/224715.620:ERROR:process_memory_win.cc(73)] ReadMemory at 0x7ffe69a30000 of 64 bytes failed: ?????? ReadProcessMemory ??? WriteProcessMemory ??? ???????? ?????? ????????. (0x12B)
[1101/224715.620:WARNING:pe_image_reader.cc(340)] could not read dos header from C:\WINDOWS\System32\KERNELBASE.dll
[1101/224715.620:ERROR:process_memory_win.cc(73)] ReadMemory at 0x7ffe69a30000 of 64 bytes failed: ?????? ReadProcessMemory ??? WriteProcessMemory ??? ???????? ?????? ????????. (0x12B)
[1101/224715.621:WARNING:pe_image_reader.cc(340)] could not read dos header from C:\WINDOWS\System32\KERNELBASE.dll
[1101/224715.756:ERROR:process_memory_win.cc(73)] ReadMemory at 0x7ffe6bec0000 of 64 bytes failed: ?????? ReadProcessMemory ??? WriteProcessMemory ??? ???????? ?????? ????????. (0x12B)
[1101/224715.756:WARNING:pe_image_reader.cc(340)] could not read dos header from C:\WINDOWS\SYSTEM32\ntdll.dll
[1101/224715.756:ERROR:process_memory_win.cc(73)] ReadMemory at 0x7ffe6b7e0000 of 64 bytes failed: ?????? ReadProcessMemory ??? WriteProcessMemory ??? ???????? ?????? ????????. (0x12B)
[1101/224715.757:WARNING:pe_image_reader.cc(340)] could not read dos header from C:\WINDOWS\System32\KERNEL32.DLL
[1101/224715.757:ERROR:process_memory_win.cc(73)] ReadMemory at 0x7ffe69a30000 of 64 bytes failed: ?????? ReadProcessMemory ??? WriteProcessMemory ??? ???????? ?????? ????????. (0x12B)
[1101/224715.757:WARNING:pe_image_reader.cc(340)] could not read dos header from C:\WINDOWS\System32\KERNELBASE.dll
[1101/224715.767:ERROR:process_memory_win.cc(73)] ReadMemory at 0x7ffe6bec0000 of 64 bytes failed: ?????? ReadProcessMemory ??? WriteProcessMemory ??? ???????? ?????? ????????. (0x12B)
[1101/224715.768:WARNING:pe_image_reader.cc(340)] could not read dos header from C:\WINDOWS\SYSTEM32\ntdll.dll
[1101/224715.768:ERROR:process_memory_win.cc(73)] ReadMemory at 0x7ffe6bec0000 of 64 bytes failed: ?????? ReadProcessMemory ??? WriteProcessMemory ??? ???????? ?????? ????????. (0x12B)
[1101/224715.768:WARNING:pe_image_reader.cc(340)] could not read dos header from C:\WINDOWS\SYSTEM32\ntdll.dll
[1101/224715.768:ERROR:process_memory_win.cc(73)] ReadMemory at 0x7ffe6b7e0000 of 64 bytes failed: ?????? ReadProcessMemory ??? WriteProcessMemory ??? ???????? ?????? ????????. (0x12B)
[1101/224715.768:WARNING:pe_image_reader.cc(340)] could not read dos header from C:\WINDOWS\System32\KERNEL32.DLL
[1101/224715.768:ERROR:process_memory_win.cc(73)] ReadMemory at 0x7ffe6b7e0000 of 64 bytes failed: ?????? ReadProcessMemory ??? WriteProcessMemory ??? ???????? ?????? ????????. (0x12B)
[1101/224715.769:WARNING:pe_image_reader.cc(340)] could not read dos header from C:\WINDOWS\System32\KERNEL32.DLL
[1101/224715.769:ERROR:process_memory_win.cc(73)] ReadMemory at 0x7ffe69a30000 of 64 bytes failed: ?????? ReadProcessMemory ??? WriteProcessMemory ??? ???????? ?????? ????????. (0x12B)
[1101/224715.769:WARNING:pe_image_reader.cc(340)] could not read dos header from C:\WINDOWS\System32\KERNELBASE.dll
[1101/224715.769:ERROR:process_memory_win.cc(73)] ReadMemory at 0x7ffe69a30000 of 64 bytes failed: ?????? ReadProcessMemory ??? WriteProcessMemory ??? ???????? ?????? ????????. (0x12B)
[1101/224715.770:WARNING:pe_image_reader.cc(340)] could not read dos header from C:\WINDOWS\System32\KERNELBASE.dll
[1101/224716.296:ERROR:process_memory_win.cc(73)] ReadMemory at 0x7ffe6bec0000 of 64 bytes failed: ?????? ReadProcessMemory ??? WriteProcessMemory ??? ???????? ?????? ????????. (0x12B)
[1101/224716.297:WARNING:pe_image_reader.cc(340)] could not read dos header from C:\WINDOWS\SYSTEM32\ntdll.dll
[1101/224716.297:ERROR:process_memory_win.cc(73)] ReadMemory at 0x7ffe6b7e0000 of 64 bytes failed: ?????? ReadProcessMemory ??? WriteProcessMemory ??? ???????? ?????? ????????. (0x12B)
[1101/224716.297:WARNING:pe_image_reader.cc(340)] could not read dos header from C:\WINDOWS\System32\KERNEL32.DLL
[1101/224716.297:ERROR:process_memory_win.cc(73)] ReadMemory at 0x7ffe69a30000 of 64 bytes failed: ?????? ReadProcessMemory ??? WriteProcessMemory ??? ???????? ?????? ????????. (0x12B)
[1101/224716.298:WARNING:pe_image_reader.cc(340)] could not read dos header from C:\WINDOWS\System32\KERNELBASE.dll
[1101/224716.318:ERROR:process_memory_win.cc(73)] ReadMemory at 0x7ffe6bec0000 of 64 bytes failed: ?????? ReadProcessMemory ??? WriteProcessMemory ??? ???????? ?????? ????????. (0x12B)
[1101/224716.318:WARNING:pe_image_reader.cc(340)] could not read dos header from C:\WINDOWS\SYSTEM32\ntdll.dll
[1101/224716.318:ERROR:process_memory_win.cc(73)] ReadMemory at 0x7ffe6b7e0000 of 64 bytes failed: ?????? ReadProcessMemory ??? WriteProcessMemory ??? ???????? ?????? ????????. (0x12B)
[1101/224716.319:WARNING:pe_image_reader.cc(340)] could not read dos header from C:\WINDOWS\System32\KERNEL32.DLL
[1101/224716.319:ERROR:process_memory_win.cc(73)] ReadMemory at 0x7ffe69a30000 of 64 bytes failed: ?????? ReadProcessMemory ??? WriteProcessMemory ??? ???????? ?????? ????????. (0x12B)
[1101/224716.319:WARNING:pe_image_reader.cc(340)] could not read dos header from C:\WINDOWS\System32\KERNELBASE.dll
[1101/224716.320:ERROR:process_memory_win.cc(73)] ReadMemory at 0x7ffe6bec0000 of 64 bytes failed: ?????? ReadProcessMemory ??? WriteProcessMemory ??? ???????? ?????? ????????. (0x12B)
[1101/224716.320:WARNING:pe_image_reader.cc(340)] could not read dos header from C:\WINDOWS\SYSTEM32\ntdll.dll
[1101/224716.320:ERROR:process_memory_win.cc(73)] ReadMemory at 0x7ffe6b7e0000 of 64 bytes failed: ?????? ReadProcessMemory ??? WriteProcessMemory ??? ???????? ?????? ????????. (0x12B)
[1101/224716.321:WARNING:pe_image_reader.cc(340)] could not read dos header from C:\WINDOWS\System32\KERNEL32.DLL
[1101/224716.321:ERROR:process_memory_win.cc(73)] ReadMemory at 0x7ffe69a30000 of 64 bytes failed: ?????? ReadProcessMemory ??? WriteProcessMemory ??? ???????? ?????? ????????. (0x12B)
[1101/224716.321:WARNING:pe_image_reader.cc(340)] could not read dos header from C:\WINDOWS\System32\KERNELBASE.dll
